#
# A fatal error has been detected by the Java Runtime Environment:
#
#  Internal Error (constantTag.cpp:59), pid=15156, tid=0x0000000000004a6c
#  Error: ShouldNotReachHere()
#
# JRE version: Java(TM) SE Runtime Environment (8.0_291-b10) (build 1.8.0_291-b10)
# Java VM: Java HotSpot(TM) 64-Bit Server VM (25.291-b10 mixed mode windows-amd64 compressed oops)
# Failed to write core dump. Minidumps are not enabled by default on client versions of Windows
#
# If you would like to submit a bug report, please visit:
#   http://bugreport.java.com/bugreport/crash.jsp
#

---------------  T H R E A D  ---------------

Current thread (0x000002df3e633000):  VMThread [stack: 0x000000f31da00000,0x000000f31db00000] [id=19052]

Stack: [0x000000f31da00000,0x000000f31db00000]
Native frames: (J=compiled Java code, j=interpreted, Vv=VM code, C=native code)
V  [jvm.dll+0x32ea19]
V  [jvm.dll+0x275462]
V  [jvm.dll+0x27610d]
V  [jvm.dll+0x26c9e2]
V  [jvm.dll+0x26b56f]
V  [jvm.dll+0xb85ea]
V  [jvm.dll+0x107606]
V  [jvm.dll+0x10907e]
V  [jvm.dll+0x1066ea]
V  [jvm.dll+0x10587a]
V  [jvm.dll+0xcd19b]
V  [jvm.dll+0xcdc33]
V  [jvm.dll+0x112684]
V  [jvm.dll+0x135980]
V  [jvm.dll+0x1b8e51]
V  [jvm.dll+0x245897]
V  [jvm.dll+0x244005]
V  [jvm.dll+0x24477c]
V  [jvm.dll+0x244a8c]
V  [jvm.dll+0x29210c]
C  [ucrtbase.dll+0x210b2]
C  [KERNEL32.DLL+0x17c24]
C  [ntdll.dll+0x6d721]

VM_Operation (0x000000f31dfff390): GetOrSetLocal, mode: safepoint, requested by thread 0x000002df3e6ad800


---------------  P R O C E S S  ---------------

Java Threads: ( => current thread )
  0x000002df42283800 JavaThread "Okio Watchdog" daemon [_thread_blocked, id=19320, stack(0x000000f31ee00000,0x000000f31ef00000)]
  0x000002df4137f800 JavaThread "ReaderThread" [_thread_in_native, id=3244, stack(0x000000f31e900000,0x000000f31ea00000)]
  0x000002df409a0800 JavaThread "Service Thread" daemon [_thread_blocked, id=14552, stack(0x000000f31e600000,0x000000f31e700000)]
  0x000002df3e6da800 JavaThread "C1 CompilerThread3" daemon [_thread_blocked, id=472, stack(0x000000f31e500000,0x000000f31e600000)]
  0x000002df3e6dd800 JavaThread "C2 CompilerThread2" daemon [_thread_blocked, id=18756, stack(0x000000f31e400000,0x000000f31e500000)]
  0x000002df3e6cc000 JavaThread "C2 CompilerThread1" daemon [_thread_blocked, id=16460, stack(0x000000f31e300000,0x000000f31e400000)]
  0x000002df3e6c6800 JavaThread "C2 CompilerThread0" daemon [_thread_blocked, id=1924, stack(0x000000f31e200000,0x000000f31e300000)]
  0x000002df3e6b7800 JavaThread "JDWP Command Reader" daemon [_thread_in_native, id=14884, stack(0x000000f31e100000,0x000000f31e200000)]
  0x000002df3e6b2800 JavaThread "JDWP Event Helper Thread" daemon [_thread_blocked, id=14620, stack(0x000000f31e000000,0x000000f31e100000)]
  0x000002df3e6ad800 JavaThread "JDWP Transport Listener: dt_socket" daemon [_thread_blocked, id=15408, stack(0x000000f31df00000,0x000000f31e000000)]
  0x000002df3e685800 JavaThread "Attach Listener" daemon [_thread_blocked, id=18720, stack(0x000000f31de00000,0x000000f31df00000)]
  0x000002df3e685000 JavaThread "Signal Dispatcher" daemon [_thread_blocked, id=18012, stack(0x000000f31dd00000,0x000000f31de00000)]
  0x000002df3e665800 JavaThread "Finalizer" daemon [_thread_blocked, id=17792, stack(0x000000f31dc00000,0x000000f31dd00000)]
  0x000002df3e63e000 JavaThread "Reference Handler" daemon [_thread_blocked, id=2116, stack(0x000000f31db00000,0x000000f31dc00000)]
  0x000002df23b10000 JavaThread "main" [_thread_blocked, id=6160, stack(0x000000f31d100000,0x000000f31d200000)]

Other Threads:
=>0x000002df3e633000 VMThread [stack: 0x000000f31da00000,0x000000f31db00000] [id=19052]
  0x000002df40a03800 WatcherThread [stack: 0x000000f31e700000,0x000000f31e800000] [id=17524]

VM state:at safepoint (normal execution)

VM Mutex/Monitor currently owned by a thread:  ([mutex/lock_event])
[0x000002df23b0d340] Threads_lock - owner thread: 0x000002df3e633000

heap address: 0x00000006c4e00000, size: 4018 MB, Compressed Oops mode: Zero based, Oop shift amount: 3
Narrow klass base: 0x0000000000000000, Narrow klass shift: 3
Compressed class space size: 1073741824 Address: 0x00000007c0000000

Heap:
 PSYoungGen      total 75264K, used 35033K [0x000000076c500000, 0x0000000771900000, 0x00000007c0000000)
  eden space 64512K, 37% used [0x000000076c500000,0x000000076dcca558,0x0000000770400000)
  from space 10752K, 99% used [0x0000000770400000,0x0000000770e6bef8,0x0000000770e80000)
  to   space 10752K, 0% used [0x0000000770e80000,0x0000000770e80000,0x0000000771900000)
 ParOldGen       total 172032K, used 96K [0x00000006c4e00000, 0x00000006cf600000, 0x000000076c500000)
  object space 172032K, 0% used [0x00000006c4e00000,0x00000006c4e18010,0x00000006cf600000)
 Metaspace       used 19705K, capacity 20650K, committed 20992K, reserved 1067008K
  class space    used 2460K, capacity 2689K, committed 2816K, reserved 1048576K

Card table byte_map: [0x000002df34920000,0x000002df35100000] byte_map_base: 0x000002df312f9000

Marking Bits: (ParMarkBitMap*) 0x000000005f557fe0
 Begin Bits: [0x000002df35640000, 0x000002df39508000)
 End Bits:   [0x000002df39508000, 0x000002df3d3d0000)

Polling page: 0x000002df254f0000

CodeCache: size=245760Kb used=6939Kb max_used=6951Kb free=238820Kb
 bounds [0x000002df25560000, 0x000002df25c30000, 0x000002df34560000]
 total_blobs=2445 nmethods=2010 adapters=355
 compilation: enabled

Compilation events (10 events):
Event: 27.028 Thread 0x000002df3e6da800 nmethod 2021 0x000002df25c1b450 code [0x000002df25c1b5e0, 0x000002df25c1b960]
Event: 27.028 Thread 0x000002df3e6da800 2022       1       java.lang.reflect.WeakCache$CacheKey::hashCode (5 bytes)
Event: 27.028 Thread 0x000002df3e6da800 nmethod 2022 0x000002df25c29050 code [0x000002df25c291a0, 0x000002df25c292b8]
Event: 27.029 Thread 0x000002df3e6da800 2023       3       org.openqa.selenium.By::<init> (5 bytes)
Event: 27.029 Thread 0x000002df3e6da800 nmethod 2023 0x000002df25c17d10 code [0x000002df25c17e60, 0x000002df25c18018]
Event: 27.029 Thread 0x000002df3e6da800 2024       3       com.google.common.collect.RegularImmutableMap::get (13 bytes)
Event: 27.030 Thread 0x000002df3e6da800 nmethod 2024 0x000002df25c2cd90 code [0x000002df25c2cf00, 0x000002df25c2d0b0]
Event: 27.030 Thread 0x000002df3e6cc000 nmethod 1989 0x000002df25c2d150 code [0x000002df25c2d2c0, 0x000002df25c2da08]
Event: 27.030 Thread 0x000002df3e6da800 2025       3       java.util.Arrays$ArrayList::toArray (11 bytes)
Event: 27.031 Thread 0x000002df3e6da800 nmethod 2025 0x000002df25c1af10 code [0x000002df25c1b080, 0x000002df25c1b390]

GC Heap History (2 events):
Event: 4.003 GC heap before
{Heap before GC invocations=1 (full 0):
 PSYoungGen      total 75264K, used 64512K [0x000000076c500000, 0x0000000771900000, 0x00000007c0000000)
  eden space 64512K, 100% used [0x000000076c500000,0x0000000770400000,0x0000000770400000)
  from space 10752K, 0% used [0x0000000770e80000,0x0000000770e80000,0x0000000771900000)
  to   space 10752K, 0% used [0x0000000770400000,0x0000000770400000,0x0000000770e80000)
 ParOldGen       total 172032K, used 0K [0x00000006c4e00000, 0x00000006cf600000, 0x000000076c500000)
  object space 172032K, 0% used [0x00000006c4e00000,0x00000006c4e00000,0x00000006cf600000)
 Metaspace       used 16015K, capacity 16948K, committed 17152K, reserved 1064960K
  class space    used 1998K, capacity 2248K, committed 2304K, reserved 1048576K
Event: 4.017 GC heap after
Heap after GC invocations=1 (full 0):
 PSYoungGen      total 75264K, used 10671K [0x000000076c500000, 0x0000000771900000, 0x00000007c0000000)
  eden space 64512K, 0% used [0x000000076c500000,0x000000076c500000,0x0000000770400000)
  from space 10752K, 99% used [0x0000000770400000,0x0000000770e6bef8,0x0000000770e80000)
  to   space 10752K, 0% used [0x0000000770e80000,0x0000000770e80000,0x0000000771900000)
 ParOldGen       total 172032K, used 96K [0x00000006c4e00000, 0x00000006cf600000, 0x000000076c500000)
  object space 172032K, 0% used [0x00000006c4e00000,0x00000006c4e18010,0x00000006cf600000)
 Metaspace       used 16015K, capacity 16948K, committed 17152K, reserved 1064960K
  class space    used 1998K, capacity 2248K, committed 2304K, reserved 1048576K
}

Deoptimization events (10 events):
Event: 3.792 Thread 0x000002df23b10000 Uncommon trap: reason=unstable_if action=reinterpret pc=0x000002df25acedec method=jdk.internal.org.objectweb.asm.Type.getArgumentsAndReturnSizes(Ljava/lang/String;)I @ 41
Event: 4.111 Thread 0x000002df23b10000 Uncommon trap: reason=unstable_if action=reinterpret pc=0x000002df25a73e78 method=java.util.regex.Pattern$BmpCharProperty.match(Ljava/util/regex/Matcher;ILjava/lang/CharSequence;)Z @ 34
Event: 4.156 Thread 0x000002df23b10000 Uncommon trap: reason=class_check action=maybe_recompile pc=0x000002df25a1c9f0 method=java.util.regex.Pattern$Curly.match(Ljava/util/regex/Matcher;ILjava/lang/CharSequence;)Z @ 19
Event: 4.156 Thread 0x000002df23b10000 Uncommon trap: reason=class_check action=maybe_recompile pc=0x000002df25a1c9f0 method=java.util.regex.Pattern$Curly.match(Ljava/util/regex/Matcher;ILjava/lang/CharSequence;)Z @ 19
Event: 4.156 Thread 0x000002df23b10000 Uncommon trap: reason=class_check action=maybe_recompile pc=0x000002df25a1c9f0 method=java.util.regex.Pattern$Curly.match(Ljava/util/regex/Matcher;ILjava/lang/CharSequence;)Z @ 19
Event: 4.156 Thread 0x000002df23b10000 Uncommon trap: reason=class_check action=maybe_recompile pc=0x000002df25a1c9f0 method=java.util.regex.Pattern$Curly.match(Ljava/util/regex/Matcher;ILjava/lang/CharSequence;)Z @ 19
Event: 23.463 Thread 0x000002df23b10000 Uncommon trap: reason=class_check action=maybe_recompile pc=0x000002df25b269f0 method=org.openqa.selenium.json.Input.init()V @ 18
Event: 23.463 Thread 0x000002df23b10000 Uncommon trap: reason=class_check action=maybe_recompile pc=0x000002df25b269f0 method=org.openqa.selenium.json.Input.init()V @ 18
Event: 23.463 Thread 0x000002df23b10000 Uncommon trap: reason=class_check action=maybe_recompile pc=0x000002df25b269f0 method=org.openqa.selenium.json.Input.init()V @ 18
Event: 23.463 Thread 0x000002df23b10000 Uncommon trap: reason=class_check action=maybe_recompile pc=0x000002df25b269f0 method=org.openqa.selenium.json.Input.init()V @ 18

Classes redefined (2 events):
Event: 290.237 Thread 0x000002df3e633000 redefined class name=com.Test.AdvanceSearchInteractionsTest, count=1
Event: 424.903 Thread 0x000002df3e633000 redefined class name=com.Test.AdvanceSearchInteractionsTest, count=2

Internal exceptions (10 events):
Event: 3.786 Thread 0x000002df23b10000 Exception <a 'java/lang/ArrayIndexOutOfBoundsException': 92> (0x000000076f959970) thrown at [C:\jenkins\workspace\8-2-build-windows-amd64-cygwin\jdk8u291\1294\hotspot\src\share\vm\interpreter\interpreterRuntime.cpp, line 371]
Event: 3.787 Thread 0x000002df23b10000 Exception <a 'java/lang/ArrayIndexOutOfBoundsException': 57> (0x000000076f960810) thrown at [C:\jenkins\workspace\8-2-build-windows-amd64-cygwin\jdk8u291\1294\hotspot\src\share\vm\interpreter\interpreterRuntime.cpp, line 371]
Event: 3.865 Thread 0x000002df23b10000 Exception <a 'java/lang/NoSuchMethodError': java.lang.Object.lambda$chars$0()Ljava/util/Spliterator$OfInt;> (0x000000076fbcb2e0) thrown at [C:\jenkins\workspace\8-2-build-windows-amd64-cygwin\jdk8u291\1294\hotspot\src\share\vm\interpreter\linkResolver.cpp
Event: 23.477 Thread 0x000002df23b10000 Exception <a 'java/lang/NoSuchMethodError': java.lang.Object.lambda$getResponseFunction$0(Lorg/openqa/selenium/remote/InitialHandshakeResponse;)Lorg/openqa/selenium/remote/ProtocolHandshake$Result;> (0x000000076cd1d3d0) thrown at [C:\jenkins\workspace\8-2
Event: 24.065 Thread 0x000002df23b10000 Exception <a 'java/lang/NoSuchMethodError': java.lang.Object.lambda$static$0(Ljava/time/Duration;)V> (0x000000076d901868) thrown at [C:\jenkins\workspace\8-2-build-windows-amd64-cygwin\jdk8u291\1294\hotspot\src\share\vm\interpreter\linkResolver.cpp, line 
Event: 24.074 Thread 0x000002df23b10000 Exception <a 'java/net/SocketTimeoutException': Read timed out> (0x000000076d920278) thrown at [C:\jenkins\workspace\8-2-build-windows-amd64-cygwin\jdk8u291\1294\hotspot\src\share\vm\prims\jni.cpp, line 737]
Event: 24.434 Thread 0x000002df23b10000 Exception <a 'java/lang/NoSuchMethodError': java.lang.Object.lambda$comparing$77a9974f$1(Ljava/util/function/Function;Ljava/lang/Object;Ljava/lang/Object;)I> (0x000000076d966ba0) thrown at [C:\jenkins\workspace\8-2-build-windows-amd64-cygwin\jdk8u291\1294
Event: 24.944 Thread 0x000002df23b10000 Exception <a 'java/net/SocketTimeoutException': Read timed out> (0x000000076d989958) thrown at [C:\jenkins\workspace\8-2-build-windows-amd64-cygwin\jdk8u291\1294\hotspot\src\share\vm\prims\jni.cpp, line 737]
Event: 26.222 Thread 0x000002df23b10000 Exception <a 'java/net/SocketTimeoutException': Read timed out> (0x000000076d9b1a38) thrown at [C:\jenkins\workspace\8-2-build-windows-amd64-cygwin\jdk8u291\1294\hotspot\src\share\vm\prims\jni.cpp, line 737]
Event: 26.880 Thread 0x000002df23b10000 Exception <a 'java/net/SocketTimeoutException': Read timed out> (0x000000076d9ec7a8) thrown at [C:\jenkins\workspace\8-2-build-windows-amd64-cygwin\jdk8u291\1294\hotspot\src\share\vm\prims\jni.cpp, line 737]

Events (10 events):
Event: 425.106 Executing VM operation: ChangeBreakpoints done
Event: 605.071 Executing VM operation: GetCurrentContendedMonitor
Event: 605.072 Executing VM operation: GetCurrentContendedMonitor done
Event: 605.072 Executing VM operation: GetOwnedMonitorInfo
Event: 605.072 Executing VM operation: GetOwnedMonitorInfo done
Event: 630.441 Executing VM operation: GetCurrentContendedMonitor
Event: 630.441 Executing VM operation: GetCurrentContendedMonitor done
Event: 630.441 Executing VM operation: GetOwnedMonitorInfo
Event: 630.442 Executing VM operation: GetOwnedMonitorInfo done
Event: 631.991 Executing VM operation: GetOrSetLocal


Dynamic libraries:
0x00007ff7fcd90000 - 0x00007ff7fcdd7000 	C:\Program Files\Java\jre1.8.0_291\bin\javaw.exe
0x00007ff810280000 - 0x00007ff810470000 	C:\windows\SYSTEM32\ntdll.dll
0x00007ff80f260000 - 0x00007ff80f312000 	C:\windows\System32\KERNEL32.DLL
0x00007ff80d670000 - 0x00007ff80d915000 	C:\windows\System32\KERNELBASE.dll
0x00007ff80f1b0000 - 0x00007ff80f253000 	C:\windows\System32\ADVAPI32.dll
0x00007ff80f970000 - 0x00007ff80fa0e000 	C:\windows\System32\msvcrt.dll
0x00007ff80f110000 - 0x00007ff80f1a7000 	C:\windows\System32\sechost.dll
0x00007ff80f320000 - 0x00007ff80f43f000 	C:\windows\System32\RPCRT4.dll
0x00007ff80fa40000 - 0x00007ff80fbd4000 	C:\windows\System32\USER32.dll
0x00007ff80d920000 - 0x00007ff80d941000 	C:\windows\System32\win32u.dll
0x00007ff80f5e0000 - 0x00007ff80f606000 	C:\windows\System32\GDI32.dll
0x00007ff80d3d0000 - 0x00007ff80d568000 	C:\windows\System32\gdi32full.dll
0x00007ff80dae0000 - 0x00007ff80db7e000 	C:\windows\System32\msvcp_win.dll
0x00007ff80d570000 - 0x00007ff80d66a000 	C:\windows\System32\ucrtbase.dll
0x00007fffe9910000 - 0x00007fffe9b94000 	C:\windows\WinSxS\amd64_microsoft.windows.common-controls_6595b64144ccf1df_6.0.18362.1556_none_9e7e372fe45e41d5\COMCTL32.dll
0x00007ff80ff00000 - 0x00007ff810236000 	C:\windows\System32\combase.dll
0x00007ff80da50000 - 0x00007ff80dad1000 	C:\windows\System32\bcryptPrimitives.dll
0x00007ff80fa10000 - 0x00007ff80fa3e000 	C:\windows\System32\IMM32.DLL
0x000002df25510000 - 0x000002df25523000 	C:\windows\System32\umppc14304.dll
0x00007ffff88e0000 - 0x00007ffff88f5000 	C:\Program Files\Java\jre1.8.0_291\bin\vcruntime140.dll
0x00007fffe61e0000 - 0x00007fffe627b000 	C:\Program Files\Java\jre1.8.0_291\bin\msvcp140.dll
0x000000005ed70000 - 0x000000005f5d0000 	C:\Program Files\Java\jre1.8.0_291\bin\server\jvm.dll
0x00007ff80e5a0000 - 0x00007ff80e5a8000 	C:\windows\System32\PSAPI.DLL
0x00007ffff3260000 - 0x00007ffff3269000 	C:\windows\SYSTEM32\WSOCK32.dll
0x00007ff80f440000 - 0x00007ff80f4af000 	C:\windows\System32\WS2_32.dll
0x00007ff80a860000 - 0x00007ff80a884000 	C:\windows\SYSTEM32\WINMM.dll
0x00007ff801820000 - 0x00007ff80182a000 	C:\windows\SYSTEM32\VERSION.dll
0x00007ff80a830000 - 0x00007ff80a85d000 	C:\windows\SYSTEM32\WINMMBASE.dll
0x00007ff80d950000 - 0x00007ff80d99a000 	C:\windows\System32\cfgmgr32.dll
0x00007ff80d160000 - 0x00007ff80d171000 	C:\windows\System32\kernel.appcore.dll
0x00007ff802fd0000 - 0x00007ff802fe0000 	C:\Program Files\Java\jre1.8.0_291\bin\verify.dll
0x00007ffff88b0000 - 0x00007ffff88db000 	C:\Program Files\Java\jre1.8.0_291\bin\java.dll
0x00007ffff7a80000 - 0x00007ffff7ab6000 	C:\Program Files\Java\jre1.8.0_291\bin\jdwp.dll
0x00007ffff88a0000 - 0x00007ffff88a9000 	C:\Program Files\Java\jre1.8.0_291\bin\npt.dll
0x00007ffff8870000 - 0x00007ffff8888000 	C:\Program Files\Java\jre1.8.0_291\bin\zip.dll
0x00007ff80e5b0000 - 0x00007ff80ec97000 	C:\windows\System32\SHELL32.dll
0x00007ff80f690000 - 0x00007ff80f738000 	C:\windows\System32\shcore.dll
0x00007ff80db80000 - 0x00007ff80e2fb000 	C:\windows\System32\windows.storage.dll
0x00007ff80d180000 - 0x00007ff80d19e000 	C:\windows\System32\profapi.dll
0x00007ff80d1a0000 - 0x00007ff80d1ea000 	C:\windows\System32\powrprof.dll
0x00007ff80d130000 - 0x00007ff80d140000 	C:\windows\System32\UMPDC.dll
0x00007ff80e540000 - 0x00007ff80e592000 	C:\windows\System32\shlwapi.dll
0x00007ff80d250000 - 0x00007ff80d267000 	C:\windows\System32\cryptsp.dll
0x00007ffff8800000 - 0x00007ffff880a000 	C:\Program Files\Java\jre1.8.0_291\bin\dt_socket.dll
0x00007fffd9f60000 - 0x00007fffd9f76000 	C:\windows\system32\napinsp.dll
0x00007fffd9f80000 - 0x00007fffd9f9a000 	C:\windows\system32\pnrpnsp.dll
0x00007ff80c970000 - 0x00007ff80c9d7000 	C:\windows\System32\mswsock.dll
0x00007ff80c6d0000 - 0x00007ff80c79b000 	C:\windows\SYSTEM32\DNSAPI.dll
0x00007ff80fbe0000 - 0x00007ff80fbe8000 	C:\windows\System32\NSI.dll
0x00007ff80c680000 - 0x00007ff80c6ba000 	C:\windows\SYSTEM32\IPHLPAPI.DLL
0x00007fffd9fa0000 - 0x00007fffd9fae000 	C:\windows\System32\winrnr.dll
0x00007ff80a3b0000 - 0x00007ff80a3cc000 	C:\windows\system32\NLAapi.dll
0x00007fffe7df0000 - 0x00007fffe7e05000 	C:\windows\system32\wshbth.dll
0x000000005fe50000 - 0x000000005fe76000 	C:\Program Files\Bonjour\mdnsNSP.dll
0x00007ff804840000 - 0x00007ff8048b7000 	C:\windows\System32\fwpuclnt.dll
0x00007ff80e300000 - 0x00007ff80e326000 	C:\windows\System32\bcrypt.dll
0x00007ff8032b0000 - 0x00007ff8032ba000 	C:\Windows\System32\rasadhlp.dll
0x00007ffff87e0000 - 0x00007ffff87fc000 	C:\Program Files\Java\jre1.8.0_291\bin\net.dll
0x00007ff80c4f0000 - 0x00007ff80c523000 	C:\windows\system32\rsaenh.dll
0x00007ff80d020000 - 0x00007ff80d045000 	C:\windows\SYSTEM32\USERENV.dll
0x00007ff80cb40000 - 0x00007ff80cb4c000 	C:\windows\SYSTEM32\CRYPTBASE.dll
0x00007ff804710000 - 0x00007ff804726000 	C:\windows\SYSTEM32\dhcpcsvc6.DLL
0x00007ff8046f0000 - 0x00007ff80470c000 	C:\windows\SYSTEM32\dhcpcsvc.DLL
0x00007ffff7950000 - 0x00007ffff7963000 	C:\Program Files\Java\jre1.8.0_291\bin\nio.dll
0x00007ffff62a0000 - 0x00007ffff62c4000 	C:\Program Files\Java\jre1.8.0_291\bin\sunec.dll
0x00007ffff81c0000 - 0x00007ffff81cd000 	C:\Program Files\Java\jre1.8.0_291\bin\sunmscapi.dll
0x00007ff80d270000 - 0x00007ff80d3c1000 	C:\windows\System32\CRYPT32.dll
0x00007ff80d140000 - 0x00007ff80d152000 	C:\windows\System32\MSASN1.dll
0x00007ff80cc50000 - 0x00007ff80cc76000 	C:\windows\SYSTEM32\ncrypt.dll
0x00007ff80cc10000 - 0x00007ff80cc4b000 	C:\windows\SYSTEM32\NTASN1.dll
0x00007ff80bab0000 - 0x00007ff80bca4000 	C:\windows\SYSTEM32\dbghelp.dll

VM Arguments:
jvm_args: -agentlib:jdwp=transport=dt_socket,suspend=y,address=localhost:60011 -ea -Dfile.encoding=Cp1252 
java_command: org.testng.remote.RemoteTestNG -serport 60008 -protocol json -d C:\Users\Global\eclipse-workspace\MobileApss.AndriodFramework\test-output C:\Users\Global\AppData\Local\Temp\testng-eclipse-1699079968\testng-customsuite.xml
java_class_path (initial): C:\Users\Global\eclipse\java-2020-122\eclipse\configuration\org.eclipse.osgi\443\0\.cp\lib\testng-remote.jar;C:\Users\Global\eclipse-workspace\MobileApss.AndriodFramework\target\test-classes;C:\Users\Global\eclipse-workspace\MobileApss.AndriodFramework\target\classes;C:\Users\Global\.p2\pool\plugins\org.testng_7.4.0.r202105021533.jar;C:\Users\Global\.p2\pool\plugins\com.beust.jcommander_1.78.0.jar;C:\Users\Global\.p2\pool\plugins\org.apache-extras.beanshell.bsh_2.0.0.b6.jar;C:\Users\Global\.p2\pool\plugins\org.yaml.snakeyaml_1.21.0.jar;C:\Users\Global\.p2\pool\plugins\org.webjars.jquery_3.5.1.jar;C:\Users\Global\.m2\repository\junit\junit\4.11\junit-4.11.jar;C:\Users\Global\.m2\repository\org\hamcrest\hamcrest-core\1.3\hamcrest-core-1.3.jar;C:\Users\Global\.m2\repository\io\appium\java-client\7.3.0\java-client-7.3.0.jar;C:\Users\Global\.m2\repository\org\seleniumhq\selenium\selenium-support\3.141.59\selenium-support-3.141.59.jar;C:\Users\Global\.m2\repository\org\seleniumhq\selenium\selenium-api\3.141.59\selenium-api-3.141.59.jar;C:\Users\Global\.m2\repository\com\google\code\gson\gson\2.8.5\gson-2.8.5.jar;C:\Users\Global\.m2\repository\org\apache\httpcomponents\httpclient\4.5.9\httpclient-4.5.9.jar;C:\Users\Global\.m2\repository\org\apache\httpcomponents\httpcore\4.4.11\httpcore-4.4.11.jar;C:\Users\Global\.m2\repository\cglib\cglib\3.2.12\cglib-3.2.12.jar;C:\Users\Global\.m2\repository\org\ow2\asm\asm\7.1\asm-7.1.jar;C:\Users\Global\.m2\repository\org\springframework\spring-context\5.1.8.RELEASE\spring-context-5.1.8.RELEASE.jar;C:\Users\Global\.m2\repository\org\springframework\spring-aop\5.1.8.RELEASE\spring-aop-5.1.8.RELEASE.jar;C:\Users\Global\.m2\repository\org\springframework\spring-beans\5.1.8.RELEASE\spring-beans-5.1.8.RELEASE.jar;C:\Users\Global\.m2\repository\org\springframework\spring-core\5.1.8.RELEASE\spring-core-5.1.8.RELEASE.jar;C:\Users\Global\.m2\repository\org\springframework\spring-jcl\5.1.8.RELEASE\spring-jcl-5.1.8.RE
Launcher Type: SUN_STANDARD

Environment Variables:
JAVA_HOME=C:\Program Files\Java\jdk1.8.0_291
PATH=C:/Users/Global/.p2/pool/plugins/org.eclipse.justj.openjdk.hotspot.jre.full.win32.x86_64_16.0.2.v20210721-1149/jre/bin/server;C:/Users/Global/.p2/pool/plugins/org.eclipse.justj.openjdk.hotspot.jre.full.win32.x86_64_16.0.2.v20210721-1149/jre/bin;C:\Program Files\Common Files\Oracle\Java\javapath;C:\Program Files (x86)\Common Files\Oracle\Java\javapath;C:\windows\system32;C:\windows;C:\windows\System32\Wbem;C:\windows\System32\WindowsPowerShell\v1.0\;C:\windows\System32\OpenSSH\;C:\Users\Sanjay.Choudhary\Documents\Installer\apache-maven-3.8.1\bin;C:\Program Files\Git\cmd;C:\Program Files\PuTTY\;C:\Program Files\dotnet\;C:\Users\Global\AppData\Local\Android\Sdk1\tools\bin;C:\Users\Global\AppData\Local\Android\Sdk1\tools;C:\Users\Global\AppData\Local\Android\Sdk1\platform-tools;C:\Program Files\Java\jdk1.8.0_291\bin;C:\Program Files\nodejs;C:\Users\Global\AppData\Local\Microsoft\WindowsApps;C:\Users\Global\AppData\Roaming\npm;C:\Users\Global\Desktop;
USERNAME=Global
OS=Windows_NT
PROCESSOR_IDENTIFIER=Intel64 Family 6 Model 140 Stepping 1, GenuineIntel



---------------  S Y S T E M  ---------------

OS: Windows 10.0 , 64 bit Build 18362 (10.0.18362.1500)

CPU:total 8 (initial active 8) (4 cores per cpu, 2 threads per core) family 6 model 140 stepping 1, cmov, cx8, fxsr, mmx, sse, sse2, sse3, ssse3, sse4.1, sse4.2, popcnt, avx, avx2, aes, clmul, erms, 3dnowpref, lzcnt, ht, tsc, tscinvbit, bmi1, bmi2, adx

Memory: 4k page, physical 16449740k(4611112k free), swap 33802604k(3883040k free)

vm_info: Java HotSpot(TM) 64-Bit Server VM (25.291-b10) for windows-amd64 JRE (1.8.0_291-b10), built on Apr  9 2021 00:02:00 by "java_re" with MS VC++ 15.9 (VS2017)

time: Thu Nov  4 06:08:37 2021
timezone: India Standard Time
elapsed time: 632.122166 seconds (0d 0h 10m 32s)

